Using pre-set license

 COMMAND LINE ARGUMENTS:
/Applications/2020.3.9f1/Unity.app/Contents/MacOS/Unity
-adb2
-batchMode
-noUpm
-name
AssetImportWorker0
-projectPath
/Users/takuya/hunter_chamaleon_projectfile-main
-logFile
Logs/AssetImportWorker0.log
-srvPort
50806
Successfully changed project path to: /Users/takuya/hunter_chamaleon_projectfile-main
/Users/takuya/hunter_chamaleon_projectfile-main
Using Asset Import Pipeline V2.
Refreshing native plugins compatible for Editor in 53.46 ms, found 7 plugins.
Preloading 0 native plugins for Editor in 0.00 ms.
Initialize engine version: 2020.3.9f1 (108be757e447)
[Subsystems] Discovering subsystems at path /Applications/2020.3.9f1/Unity.app/Contents/Resources/UnitySubsystems
[Subsystems] Discovering subsystems at path /Users/takuya/hunter_chamaleon_projectfile-main/Assets
GfxDevice: creating device client; threaded=0
2022-05-18 15:51:26.432 Unity[8225:3441080] (null) preferred device: Apple M1 (high power)
2022-05-18 15:51:26.432 Unity[8225:3441080] Metal devices available: 1
2022-05-18 15:51:26.432 Unity[8225:3441080] 0: Apple M1 (high power)
2022-05-18 15:51:26.432 Unity[8225:3441080] Using device Apple M1 (high power)
Initializing Metal device caps: Apple M1
Initialize mono
Mono path[0] = '/Applications/2020.3.9f1/Unity.app/Contents/Managed'
Mono path[1] = '/Applications/2020.3.9f1/Unity.app/Contents/MonoBleedingEdge/lib/mono/unityjit'
Mono config path = '/Applications/2020.3.9f1/Unity.app/Contents/MonoBleedingEdge/etc'
Using monoOptions --debugger-agent=transport=dt_socket,embedding=1,server=y,suspend=n,address=127.0.0.1:56225
Begin MonoManager ReloadAssembly
Registering precompiled unity dll's ...
Register platform support module: /Applications/2020.3.9f1/PlaybackEngines/WebGLSupport/UnityEditor.WebGL.Extensions.dll
Register platform support module: /Applications/2020.3.9f1/Unity.app/Contents/PlaybackEngines/MacStandaloneSupport/UnityEditor.OSXStandalone.Extensions.dll
Register platform support module: /Applications/2020.3.9f1/PlaybackEngines/WindowsStandaloneSupport/UnityEditor.WindowsStandalone.Extensions.dll
Registered in 0.001488 seconds.
Native extension for WindowsStandalone target not found
Native extension for OSXStandalone target not found
Native extension for WebGL target not found
Refreshing native plugins compatible for Editor in 51.94 ms, found 7 plugins.
Preloading 0 native plugins for Editor in 0.00 ms.
Mono: successfully reloaded assembly
- Completed reload, in  2.421 seconds
Platform modules already initialized, skipping
Registering precompiled user dll's ...
Registered in 0.002130 seconds.
Begin MonoManager ReloadAssembly
Native extension for WindowsStandalone target not found
Native extension for OSXStandalone target not found
Native extension for WebGL target not found
Refreshing native plugins compatible for Editor in 47.36 ms, found 7 plugins.
Preloading 0 native plugins for Editor in 0.00 ms.
Mono: successfully reloaded assembly
- Completed reload, in  1.901 seconds
Platform modules already initialized, skipping
========================================================================
Worker process is ready to serve import requests
Launching external process: /Applications/2020.3.9f1/Unity.app/Contents/Tools/UnityShaderCompiler
Launched and connected shader compiler UnityShaderCompiler after 0.03 seconds
Refreshing native plugins compatible for Editor in 0.57 ms, found 7 plugins.
Preloading 0 native plugins for Editor in 0.00 ms.
Unloading 2338 Unused Serialized files (Serialized files now loaded: 0)
System memory in use before: 175.9 MB.
System memory in use after: 176.1 MB.

Unloading 43 unused Assets to reduce memory usage. Loaded Objects now: 2767.
Total: 1.858791 ms (FindLiveObjects: 0.176500 ms CreateObjectMapping: 0.104625 ms MarkObjects: 1.542625 ms  DeleteObjects: 0.033959 ms)

========================================================================
Received Import Request.
  path: Assets/apple.png
  artifactKey: Guid(dab6caa28c6da4f39a5bd21c391af23e) Importer(815301076,1909f56bfc062723c751e8b465ee728b)
Start importing Assets/apple.png using Guid(dab6caa28c6da4f39a5bd21c391af23e) Importer(815301076,1909f56bfc062723c751e8b465ee728b)  -> (artifact id: 'e1035346c3ad1bd04327ff719821313b') in 0.642729 seconds
  Import took 0.647152 seconds .

========================================================================
Received Import Request.
  Time since last request: 2.490925 seconds.
  path: Assets/Scenes/MenuScene.unity
  artifactKey: Guid(8e9c718ad88a24ea890def237389d1c6) Importer(815301076,1909f56bfc062723c751e8b465ee728b)
Start importing Assets/Scenes/MenuScene.unity using Guid(8e9c718ad88a24ea890def237389d1c6) Importer(815301076,1909f56bfc062723c751e8b465ee728b)  -> (artifact id: 'b7f04bf566f149d888232251c9575b02') in 0.001460 seconds
  Import took 0.006136 seconds .

========================================================================
Received Import Request.
  Time since last request: 0.003595 seconds.
  path: Assets/Scenes/MenuScene.unity
  artifactKey: Guid(8e9c718ad88a24ea890def237389d1c6) Importer(815301076,1909f56bfc062723c751e8b465ee728b)
Start importing Assets/Scenes/MenuScene.unity using Guid(8e9c718ad88a24ea890def237389d1c6) Importer(815301076,1909f56bfc062723c751e8b465ee728b)  -> (artifact id: 'b7f04bf566f149d888232251c9575b02') in 0.000990 seconds
  Import took 0.005804 seconds .

========================================================================
Received Import Request.
  Time since last request: 3.475151 seconds.
  path: Assets/Scenes/EditScene.unity
  artifactKey: Guid(66569fc8b68f949258959b3bee7dc189) Importer(815301076,1909f56bfc062723c751e8b465ee728b)
Start importing Assets/Scenes/EditScene.unity using Guid(66569fc8b68f949258959b3bee7dc189) Importer(815301076,1909f56bfc062723c751e8b465ee728b)  -> (artifact id: 'e093a6e4c58e466f7445b2580910fb41') in 0.001227 seconds
  Import took 0.005737 seconds .

========================================================================
Received Prepare
Registering precompiled user dll's ...
Registered in 0.004207 seconds.
Begin MonoManager ReloadAssembly
Native extension for WindowsStandalone target not found
Native extension for OSXStandalone target not found
Native extension for WebGL target not found
Refreshing native plugins compatible for Editor in 0.60 ms, found 7 plugins.
Preloading 0 native plugins for Editor in 0.00 ms.
Mono: successfully reloaded assembly
- Completed reload, in  1.857 seconds
Platform modules already initialized, skipping
Refreshing native plugins compatible for Editor in 0.86 ms, found 7 plugins.
Preloading 0 native plugins for Editor in 0.00 ms.
Unloading 2320 Unused Serialized files (Serialized files now loaded: 0)
System memory in use before: 182.4 MB.
System memory in use after: 182.6 MB.

Unloading 30 unused Assets to reduce memory usage. Loaded Objects now: 2777.
Total: 1.626959 ms (FindLiveObjects: 0.148250 ms CreateObjectMapping: 0.046125 ms MarkObjects: 1.409125 ms  DeleteObjects: 0.022750 ms)

========================================================================
Received Prepare
Registering precompiled user dll's ...
Registered in 0.004289 seconds.
Begin MonoManager ReloadAssembly
Native extension for WindowsStandalone target not found
Native extension for OSXStandalone target not found
Native extension for WebGL target not found
Refreshing native plugins compatible for Editor in 0.58 ms, found 7 plugins.
Preloading 0 native plugins for Editor in 0.00 ms.
Mono: successfully reloaded assembly
- Completed reload, in  1.989 seconds
Platform modules already initialized, skipping
Refreshing native plugins compatible for Editor in 0.69 ms, found 7 plugins.
Preloading 0 native plugins for Editor in 0.00 ms.
Unloading 2320 Unused Serialized files (Serialized files now loaded: 0)
System memory in use before: 182.7 MB.
System memory in use after: 182.9 MB.

Unloading 30 unused Assets to reduce memory usage. Loaded Objects now: 2781.
Total: 1.723625 ms (FindLiveObjects: 0.192709 ms CreateObjectMapping: 0.051334 ms MarkObjects: 1.451791 ms  DeleteObjects: 0.026834 ms)

========================================================================
Received Prepare
Registering precompiled user dll's ...
Registered in 0.001688 seconds.
Begin MonoManager ReloadAssembly
Native extension for WindowsStandalone target not found
Native extension for OSXStandalone target not found
Native extension for WebGL target not found
Refreshing native plugins compatible for Editor in 0.96 ms, found 7 plugins.
Preloading 0 native plugins for Editor in 0.00 ms.
Mono: successfully reloaded assembly
- Completed reload, in  2.304 seconds
Platform modules already initialized, skipping
Refreshing native plugins compatible for Editor in 0.69 ms, found 7 plugins.
Preloading 0 native plugins for Editor in 0.00 ms.
Unloading 2320 Unused Serialized files (Serialized files now loaded: 0)
System memory in use before: 182.6 MB.
System memory in use after: 182.8 MB.

Unloading 30 unused Assets to reduce memory usage. Loaded Objects now: 2785.
Total: 1.647667 ms (FindLiveObjects: 0.199000 ms CreateObjectMapping: 0.049583 ms MarkObjects: 1.370083 ms  DeleteObjects: 0.028000 ms)

========================================================================
Received Prepare
Refreshing native plugins compatible for Editor in 5.47 ms, found 7 plugins.
Preloading 0 native plugins for Editor in 0.00 ms.
Unloading 28 Unused Serialized files (Serialized files now loaded: 0)
System memory in use before: 137.5 MB.
System memory in use after: 137.7 MB.

Unloading 28 unused Assets to reduce memory usage. Loaded Objects now: 2785.
Total: 1.775083 ms (FindLiveObjects: 0.202500 ms CreateObjectMapping: 0.054833 ms MarkObjects: 1.494917 ms  DeleteObjects: 0.022083 ms)

========================================================================
Received Prepare
Refreshing native plugins compatible for Editor in 9.20 ms, found 7 plugins.
Preloading 0 native plugins for Editor in 0.00 ms.
Unloading 28 Unused Serialized files (Serialized files now loaded: 0)
System memory in use before: 137.5 MB.
System memory in use after: 137.7 MB.

Unloading 28 unused Assets to reduce memory usage. Loaded Objects now: 2785.
Total: 7.309875 ms (FindLiveObjects: 0.424625 ms CreateObjectMapping: 0.059375 ms MarkObjects: 6.736500 ms  DeleteObjects: 0.087958 ms)

========================================================================
Received Prepare
Registering precompiled user dll's ...
Registered in 0.001112 seconds.
Begin MonoManager ReloadAssembly
Native extension for WindowsStandalone target not found
Native extension for OSXStandalone target not found
Native extension for WebGL target not found
Refreshing native plugins compatible for Editor in 0.59 ms, found 7 plugins.
Preloading 0 native plugins for Editor in 0.00 ms.
Mono: successfully reloaded assembly
- Completed reload, in  2.278 seconds
Platform modules already initialized, skipping
Refreshing native plugins compatible for Editor in 0.59 ms, found 7 plugins.
Preloading 0 native plugins for Editor in 0.00 ms.
Unloading 2320 Unused Serialized files (Serialized files now loaded: 0)
System memory in use before: 183.4 MB.
System memory in use after: 183.6 MB.

Unloading 30 unused Assets to reduce memory usage. Loaded Objects now: 2789.
Total: 2.205334 ms (FindLiveObjects: 0.450833 ms CreateObjectMapping: 0.061625 ms MarkObjects: 1.654667 ms  DeleteObjects: 0.036083 ms)

========================================================================
Received Prepare
Refreshing native plugins compatible for Editor in 5.29 ms, found 7 plugins.
Preloading 0 native plugins for Editor in 0.00 ms.
Unloading 28 Unused Serialized files (Serialized files now loaded: 0)
System memory in use before: 138.3 MB.
System memory in use after: 138.5 MB.

Unloading 28 unused Assets to reduce memory usage. Loaded Objects now: 2789.
Total: 1.517791 ms (FindLiveObjects: 0.159750 ms CreateObjectMapping: 0.050750 ms MarkObjects: 1.291500 ms  DeleteObjects: 0.015208 ms)

========================================================================
Received Prepare
Registering precompiled user dll's ...
Registered in 0.001048 seconds.
Begin MonoManager ReloadAssembly
Native extension for WindowsStandalone target not found
Native extension for OSXStandalone target not found
Native extension for WebGL target not found
Refreshing native plugins compatible for Editor in 0.70 ms, found 7 plugins.
Preloading 0 native plugins for Editor in 0.00 ms.
Mono: successfully reloaded assembly
- Completed reload, in  2.532 seconds
Platform modules already initialized, skipping
Refreshing native plugins compatible for Editor in 0.60 ms, found 7 plugins.
Preloading 0 native plugins for Editor in 0.00 ms.
Unloading 2320 Unused Serialized files (Serialized files now loaded: 0)
System memory in use before: 183.7 MB.
System memory in use after: 183.9 MB.

Unloading 30 unused Assets to reduce memory usage. Loaded Objects now: 2793.
Total: 1.800375 ms (FindLiveObjects: 0.236708 ms CreateObjectMapping: 0.053000 ms MarkObjects: 1.478583 ms  DeleteObjects: 0.030583 ms)

========================================================================
Received Import Request.
  Time since last request: 1117.915912 seconds.
  path: Assets/Prefabs/EditCanvas.prefab
  artifactKey: Guid(b1e7c21b9d26c4f63aae889aee5d02e0) Importer(815301076,1909f56bfc062723c751e8b465ee728b)
Start importing Assets/Prefabs/EditCanvas.prefab using Guid(b1e7c21b9d26c4f63aae889aee5d02e0) Importer(815301076,1909f56bfc062723c751e8b465ee728b)  -> (artifact id: '0f2b4c65f529a9384002bf57a79da357') in 0.902980 seconds
  Import took 0.910745 seconds .

========================================================================
Received Prepare
Registering precompiled user dll's ...
Registered in 0.001254 seconds.
Begin MonoManager ReloadAssembly
Native extension for WindowsStandalone target not found
Native extension for OSXStandalone target not found
Native extension for WebGL target not found
Refreshing native plugins compatible for Editor in 0.68 ms, found 7 plugins.
Preloading 0 native plugins for Editor in 0.00 ms.
Mono: successfully reloaded assembly
- Completed reload, in  2.010 seconds
Platform modules already initialized, skipping
Refreshing native plugins compatible for Editor in 0.60 ms, found 7 plugins.
Preloading 0 native plugins for Editor in 0.00 ms.
Unloading 2320 Unused Serialized files (Serialized files now loaded: 0)
System memory in use before: 189.1 MB.
System memory in use after: 189.3 MB.

Unloading 35 unused Assets to reduce memory usage. Loaded Objects now: 2804.
Total: 2.896833 ms (FindLiveObjects: 0.170708 ms CreateObjectMapping: 0.048833 ms MarkObjects: 2.613917 ms  DeleteObjects: 0.062250 ms)

========================================================================
Received Import Request.
  Time since last request: 6290.839866 seconds.
  path: Assets/Scripts/CursorAim.cs
  artifactKey: Guid(2b570eced47a54191bc8f4f4e6936f81) Importer(815301076,1909f56bfc062723c751e8b465ee728b)
Start importing Assets/Scripts/CursorAim.cs using Guid(2b570eced47a54191bc8f4f4e6936f81) Importer(815301076,1909f56bfc062723c751e8b465ee728b)  -> (artifact id: '175aff1b43f807cf711b4c35abe1d40a') in 0.287604 seconds
  Import took 0.292333 seconds .

